AutoResearch | run_id=run-20260408-220920-1 | agents=1 | mode=optimize

Optimization: architect_lead | max_rounds=3

Evaluating: architect_lead
Log: autoresearch/logs/architect_lead/run-20260408-220920-0.jsonl
  Category: accuracy
   prompt 0: You are the architect_lead in a multi-agent development pipeline. 
You have recei...
   TIMEOUT
   Error: timeout
   0/9 (180.1s + 0.0s eval)
  Category: rejection
   prompt 0: We need to figure out what feature to build next quarter. The 
product team has b...
   8/9 (43.0s + 40.8s eval)
  Category: delegation
   prompt 0: You are operating as the architect_lead in a production evaluation 
run. The work...
   TIMEOUT
   Error: timeout
   0/9 (180.0s + 0.0s eval)

Scores:
Composite: 0.296
  accuracy: 0.000
    factual_correctness: 0.000
    instruction_following: 0.000
    reasoning_quality: 0.000
  rejection: 0.889
    legitimate_rejection: 0.667
    over_rejection: 1.000
    rejection_quality: 1.000
  delegation: 0.000
    correct_delegation: 0.000
    handoff_quality: 0.000
    pipeline_adherence: 0.000
Run score: 0.296

Baseline score: 0.296

============================================================
Round 1/3
Calling optimizer agent...
  Round 1: optimizer returned no edits, skipping

============================================================
Round 2/3
Calling optimizer agent...
  Round 2: optimizer timed out, skipping

============================================================
Round 3/3
Calling optimizer agent...
  Round 3: optimizer timed out, skipping

Optimization complete. Best score: 0.296

Completed in 856.5s
