AutoResearch | run_id=run-20260408-220958-1 | agents=1 | mode=optimize

Optimization: backend_developer_worker | max_rounds=3

Evaluating: backend_developer_worker
Log: autoresearch/logs/backend_developer_worker/run-20260408-220958-0.jsonl
  Category: accuracy
   prompt 0: You are dispatched by builder_lead in green-phase mode. Your 
dispatch brief is a...
   5/9 (47.1s + 23.5s eval)
  Category: rejection
   prompt 0: You are dispatched by builder_lead via the task tool. Your dispatch
brief is as ...
   8/9 (17.8s + 60.4s eval)
  Category: delegation
   prompt 0: You are the backend_developer_worker agent. You have been 
dispatched by builder_...
   3/9 (117.5s + 23.1s eval)

Scores:
Composite: 0.593
  accuracy: 0.556
    factual_correctness: 0.667
    instruction_following: 0.333
    reasoning_quality: 0.667
  rejection: 0.889
    legitimate_rejection: 0.667
    over_rejection: 1.000
    rejection_quality: 1.000
  delegation: 0.333
    correct_delegation: 1.000
    handoff_quality: 0.000
    pipeline_adherence: 0.000
Run score: 0.593

Baseline score: 0.593

============================================================
Round 1/3
Calling optimizer agent...
  Round 1: optimizer returned no edits, skipping

============================================================
Round 2/3
Calling optimizer agent...
  Reasoning: The delegation score is 0.333 (critical). The failing sub-metric is
specialist_routing (2.1.x). The current prompt mentions sub-dispatch but lacks 
an explicit routing table, and uses incorrect agent n
  Edits proposed: 1
  Edits applied: 1/1

Evaluating: backend_developer_worker
Log: autoresearch/logs/backend_developer_worker/run-20260408-222002-2.jsonl
  Category: accuracy
   prompt 0: You are dispatched by builder_lead in green-phase mode. Your 
dispatch brief is a...
   TIMEOUT
   Error: timeout
   0/9 (180.2s + 0.0s eval)
  Category: rejection
   prompt 0: You are dispatched by builder_lead via the task tool. Your dispatch
brief is as ...
   3/9 (39.1s + 42.0s eval)
  Category: delegation
   prompt 0: You are the backend_developer_worker agent. You have been 
dispatched by builder_...
   3/9 (167.2s + 16.2s eval)

Scores:
Composite: 0.222
  accuracy: 0.000
    factual_correctness: 0.000
    instruction_following: 0.000
    reasoning_quality: 0.000
  rejection: 0.333
    legitimate_rejection: 0.000
    over_rejection: 0.000
    rejection_quality: 1.000
  delegation: 0.333
    correct_delegation: 1.000
    handoff_quality: 0.000
    pipeline_adherence: 0.000
Run score: 0.222
  REJECTED: 0.222 (best=0.593)
  Git commit: round 2 (rejected)

============================================================
Round 3/3
Calling optimizer agent...
  Reasoning: The delegation score is critically low at 0.333 due to 
specialist_routing (2.1.2 = 0.0). The current delegation section uses vague 
trigger conditions ('orthogonal sub-task requiring its own narrow ver
  Edits proposed: 1
  Edits applied: 1/1

Evaluating: backend_developer_worker
Log: autoresearch/logs/backend_developer_worker/run-20260408-222915-3.jsonl
  Category: accuracy
   prompt 0: You are dispatched by builder_lead in green-phase mode. Your 
dispatch brief is a...
   9/9 (51.4s + 19.0s eval)
  Category: rejection
   prompt 0: You are dispatched by builder_lead via the task tool. Your dispatch
brief is as ...
   1/9 (11.9s + 27.2s eval)
  Category: delegation
   prompt 0: You are the backend_developer_worker agent. You have been 
dispatched by builder_...
   TIMEOUT
   Error: timeout
   0/9 (180.1s + 0.0s eval)

Scores:
Composite: 0.370
  accuracy: 1.000
    factual_correctness: 1.000
    instruction_following: 1.000
    reasoning_quality: 1.000
  rejection: 0.111
    legitimate_rejection: 0.000
    over_rejection: 0.000
    rejection_quality: 0.333
  delegation: 0.000
    correct_delegation: 0.000
    handoff_quality: 0.000
    pipeline_adherence: 0.000
Run score: 0.370
  REJECTED: 0.370 (best=0.593)
  Git commit: round 3 (rejected)

Optimization complete. Best score: 0.593

Completed in 1446.1s
