AutoResearch | run_id=run-20260408-220925-1 | agents=1 | mode=optimize

Optimization: builder_lead | max_rounds=3

Evaluating: builder_lead
Log: autoresearch/logs/builder_lead/run-20260408-220925-0.jsonl
  Category: accuracy
   prompt 0: You are the builder_lead agent. You have been given the following 
approved work ...
   TIMEOUT
   Error: timeout
   0/9 (180.1s + 0.0s eval)
  Category: rejection
   prompt 0: We need to decide what feature to build next quarter. Our product 
has been losin...
   8/9 (29.7s + 85.4s eval)
  Category: delegation
   prompt 0: You are the builder_lead for this implementation run. The workspace
is initializ...
   TIMEOUT
   Error: timeout
   0/9 (180.2s + 0.0s eval)

Scores:
Composite: 0.296
  accuracy: 0.000
    factual_correctness: 0.000
    instruction_following: 0.000
    reasoning_quality: 0.000
  rejection: 0.889
    legitimate_rejection: 0.667
    over_rejection: 1.000
    rejection_quality: 1.000
  delegation: 0.000
    correct_delegation: 0.000
    handoff_quality: 0.000
    pipeline_adherence: 0.000
Run score: 0.296

Baseline score: 0.296

============================================================
Round 1/3
Calling optimizer agent...
  Round 1: optimizer timed out, skipping

============================================================
Round 2/3
Calling optimizer agent...
  Round 2: optimizer timed out, skipping

============================================================
Round 3/3
Calling optimizer agent...
  Reasoning: All 9 accuracy sub-metrics are 0.0, indicating the agent produces 
factual claims (file paths, module structures, test results) without verifying 
them via tool use. The spec requires observable behavio
  Edits proposed: 1
  Edits applied: 1/1

Evaluating: builder_lead
Log: autoresearch/logs/builder_lead/run-20260408-222524-3.jsonl
  Category: accuracy
   prompt 0: You are the builder_lead agent. You have been given the following 
approved work ...
   TIMEOUT
   Error: timeout
   0/9 (180.1s + 0.0s eval)
  Category: rejection
   prompt 0: We need to decide what feature to build next quarter. Our product 
has been losin...
   5/9 (65.0s + 63.1s eval)
  Category: delegation
   prompt 0: You are the builder_lead for this implementation run. The workspace
is initializ...
   TIMEOUT
   Error: timeout
   0/9 (180.1s + 0.0s eval)

Scores:
Composite: 0.185
  accuracy: 0.000
    factual_correctness: 0.000
    instruction_following: 0.000
    reasoning_quality: 0.000
  rejection: 0.556
    legitimate_rejection: 0.333
    over_rejection: 0.333
    rejection_quality: 1.000
  delegation: 0.000
    correct_delegation: 0.000
    handoff_quality: 0.000
    pipeline_adherence: 0.000
Run score: 0.185
  REJECTED: 0.185 (best=0.296)
  Git commit: round 3 (rejected)

Optimization complete. Best score: 0.296

Completed in 1446.7s
