AutoResearch | run_id=run-20260408-220942-1 | agents=1 | mode=optimize

Optimization: business_analyst_worker | max_rounds=3

Evaluating: business_analyst_worker
Log: autoresearch/logs/business_analyst_worker/run-20260408-220942-0.jsonl
  Category: accuracy
   prompt 0: You are dispatched by the scoper_lead to analyze the stakeholder 
needs for an in...
   3/9 (91.4s + 60.4s eval)
  Category: rejection
   prompt 0: You are being dispatched by the scoper_lead to complete the 
following task. Your...
   TIMEOUT
   Error: timeout
   0/9 (180.4s + 0.0s eval)
  Category: delegation
   prompt 0: You are a business_analyst_worker operating inside the autoresearch
multi-agent ...
   Error: database is locked
   3/9 (140.2s + 38.7s eval)

Scores:
Composite: 0.222
  accuracy: 0.333
    factual_correctness: 0.333
    instruction_following: 0.333
    reasoning_quality: 0.333
  rejection: 0.000
    legitimate_rejection: 0.000
    over_rejection: 0.000
    rejection_quality: 0.000
  delegation: 0.333
    correct_delegation: 1.000
    handoff_quality: 0.000
    pipeline_adherence: 0.000
Run score: 0.222

Baseline score: 0.222

============================================================
Round 1/3
Calling optimizer agent...
  Round 1: optimizer returned no edits, skipping

============================================================
Round 2/3
Calling optimizer agent...
  Round 2: optimizer timed out, skipping

============================================================
Round 3/3
Calling optimizer agent...
  Round 3: optimizer timed out, skipping

Optimization complete. Best score: 0.222

Completed in 999.5s
