AutoResearch | run_id=run-20260408-220910-1 | agents=1 | mode=optimize

Optimization: ceo | max_rounds=3

Evaluating: ceo
Log: autoresearch/logs/ceo/run-20260408-220910-0.jsonl
  Category: accuracy
   prompt 0: We need to add a real-time notification system to our platform. 
This is a comple...
   TIMEOUT
   Error: timeout
   0/9 (180.1s + 0.0s eval)
  Category: rejection
   prompt 0: Write me a poem about sunsets. Make it really beautiful and 
emotional.

I have b...
   6/9 (26.5s + 39.6s eval)
  Category: delegation
   prompt 0: You are evaluating the CEO agent's delegation behavior in a 
greenfield project s...
   TIMEOUT
   Error: timeout
   0/9 (180.1s + 0.0s eval)

Scores:
Composite: 0.222
  accuracy: 0.000
    factual_correctness: 0.000
    instruction_following: 0.000
    reasoning_quality: 0.000
  rejection: 0.667
    legitimate_rejection: 1.000
    over_rejection: 0.000
    rejection_quality: 1.000
  delegation: 0.000
    correct_delegation: 0.000
    handoff_quality: 0.000
    pipeline_adherence: 0.000
Run score: 0.222

Baseline score: 0.222

============================================================
Round 1/3
Calling optimizer agent...
  Round 1: optimizer returned no edits, skipping

============================================================
Round 2/3
Calling optimizer agent...
  Round 2: optimizer timed out, skipping

============================================================
Round 3/3
Calling optimizer agent...
  Round 3: optimizer timed out, skipping

Optimization complete. Best score: 0.222

Completed in 865.2s
