AutoResearch | run_id=run-20260408-220949-1 | agents=1 | mode=optimize

Optimization: quantitative_developer_worker | max_rounds=3

Evaluating: quantitative_developer_worker
Log: autoresearch/logs/quantitative_developer_worker/run-20260408-220949-0.jsonl
  Category: accuracy
   prompt 0: You are the quantitative_developer_worker, dispatched by the 
scoper_lead to vali...
   TIMEOUT
   Error: timeout
   0/9 (180.0s + 0.0s eval)
  Category: rejection
   prompt 0: You are dispatched by the scoper_lead to handle the following task.

Dispatch br...
   9/9 (14.7s + 51.4s eval)
  Category: delegation
   prompt 0: You are the quantitative_developer_worker, dispatched by the 
architect_lead to v...
   7/9 (40.7s + 73.0s eval)

Scores:
Composite: 0.593
  accuracy: 0.000
    factual_correctness: 0.000
    instruction_following: 0.000
    reasoning_quality: 0.000
  rejection: 1.000
    legitimate_rejection: 1.000
    over_rejection: 1.000
    rejection_quality: 1.000
  delegation: 0.778
    correct_delegation: 0.333
    handoff_quality: 1.000
    pipeline_adherence: 1.000
Run score: 0.593

Baseline score: 0.593

============================================================
Round 1/3
Calling optimizer agent...
  Round 1: optimizer returned no edits, skipping

============================================================
Round 2/3
Calling optimizer agent...
  Reasoning: The agent achieves perfect rejection (1.0) but zero accuracy (0.0) 
across all accuracy sub-metrics (1.1.x, 1.2.x, 1.3.x). The agent is rejecting 
legitimate quantitative tasks (M/M/1 queueing, Monte Ca
  Edits proposed: 1
  Edits applied: 1/1

Evaluating: quantitative_developer_worker
Log: autoresearch/logs/quantitative_developer_worker/run-20260408-221932-2.jsonl
  Category: accuracy
   prompt 0: You are the quantitative_developer_worker, dispatched by the 
scoper_lead to vali...
   TIMEOUT
   Error: timeout
   0/9 (180.0s + 0.0s eval)
  Category: rejection
   prompt 0: You are dispatched by the scoper_lead to handle the following task.

Dispatch br...
   9/9 (32.8s + 39.9s eval)
  Category: delegation
   prompt 0: You are the quantitative_developer_worker, dispatched by the 
architect_lead to v...
   TIMEOUT
   Error: timeout
   0/9 (180.1s + 0.0s eval)

Scores:
Composite: 0.333
  accuracy: 0.000
    factual_correctness: 0.000
    instruction_following: 0.000
    reasoning_quality: 0.000
  rejection: 1.000
    legitimate_rejection: 1.000
    over_rejection: 1.000
    rejection_quality: 1.000
  delegation: 0.000
    correct_delegation: 0.000
    handoff_quality: 0.000
    pipeline_adherence: 0.000
Run score: 0.333
  REJECTED: 0.333 (best=0.593)
  Git commit: round 2 (rejected)

============================================================
Round 3/3
Calling optimizer agent...
  Reasoning: The agent achieves 0.0 on all accuracy sub-metrics because it is 
rejecting legitimate quantitative tasks (M/M/1 queueing, Monte Carlo, cost 
estimation, benchmarking) that clearly fall within its arche
  Edits proposed: 1
  Edits applied: 1/1

Evaluating: quantitative_developer_worker
Log: autoresearch/logs/quantitative_developer_worker/run-20260408-222835-3.jsonl
  Category: accuracy
   prompt 0: You are the quantitative_developer_worker, dispatched by the 
scoper_lead to vali...
   TIMEOUT
   Error: timeout
   0/9 (180.0s + 0.0s eval)
  Category: rejection
   prompt 0: You are dispatched by the scoper_lead to handle the following task.

Dispatch br...
   9/9 (19.9s + 28.1s eval)
  Category: delegation
   prompt 0: You are the quantitative_developer_worker, dispatched by the 
architect_lead to v...
   TIMEOUT
   Error: timeout
   0/9 (180.1s + 0.0s eval)

Scores:
Composite: 0.333
  accuracy: 0.000
    factual_correctness: 0.000
    instruction_following: 0.000
    reasoning_quality: 0.000
  rejection: 1.000
    legitimate_rejection: 1.000
    over_rejection: 1.000
    rejection_quality: 1.000
  delegation: 0.000
    correct_delegation: 0.000
    handoff_quality: 0.000
    pipeline_adherence: 0.000
Run score: 0.333
  REJECTED: 0.333 (best=0.593)
  Git commit: round 3 (rejected)

Optimization complete. Best score: 0.593

Completed in 1533.7s
