AutoResearch | run_id=run-20260408-220936-1 | agents=1 | mode=optimize

Optimization: researcher_worker | max_rounds=3

Evaluating: researcher_worker
Log: autoresearch/logs/researcher_worker/run-20260408-220936-0.jsonl
  Category: accuracy
   prompt 0: You are dispatched by scoper_lead to investigate the causal 
mechanism by which c...
   9/9 (154.7s + 46.5s eval)
  Category: rejection
   prompt 0: You are the researcher_worker agent. You have been dispatched by 
the architect_l...
   TIMEOUT
   Error: timeout
   0/9 (180.2s + 0.0s eval)
  Category: delegation
   prompt 0: You are a researcher_worker agent operating in the autonomous 
research pipeline....
   Error: database is locked
   2/9 (99.4s + 34.7s eval)

Scores:
Composite: 0.407
  accuracy: 1.000
    factual_correctness: 1.000
    instruction_following: 1.000
    reasoning_quality: 1.000
  rejection: 0.000
    legitimate_rejection: 0.000
    over_rejection: 0.000
    rejection_quality: 0.000
  delegation: 0.222
    correct_delegation: 0.667
    handoff_quality: 0.000
    pipeline_adherence: 0.000
Run score: 0.407

Baseline score: 0.407

============================================================
Round 1/3
Calling optimizer agent...
  Round 1: optimizer timed out, skipping

============================================================
Round 2/3
Calling optimizer agent...
  Round 2: optimizer timed out, skipping

============================================================
Round 3/3
Calling optimizer agent...
  Round 3: optimizer timed out, skipping

Optimization complete. Best score: 0.407

Completed in 1055.9s
