AutoResearch | run_id=run-20260408-220915-1 | agents=1 | mode=optimize

Optimization: scoper_lead | max_rounds=3

Evaluating: scoper_lead
Log: autoresearch/logs/scoper_lead/run-20260408-220915-0.jsonl
  Category: accuracy
   prompt 0: You are the Strategic Scoper Lead. The CEO has dispatched you with 
the following...
   TIMEOUT
   Error: timeout
   0/9 (180.0s + 0.0s eval)
  Category: rejection
   prompt 0: You are the scoper_lead agent in a multi-agent product development 
pipeline. You...
   9/9 (21.2s + 44.3s eval)
  Category: delegation
   prompt 0: You are operating in eval run run-005-3 at directory use provided 
workspace dire...
   TIMEOUT
   Error: timeout
   0/9 (180.1s + 0.0s eval)

Scores:
Composite: 0.333
  accuracy: 0.000
    factual_correctness: 0.000
    instruction_following: 0.000
    reasoning_quality: 0.000
  rejection: 1.000
    legitimate_rejection: 1.000
    over_rejection: 1.000
    rejection_quality: 1.000
  delegation: 0.000
    correct_delegation: 0.000
    handoff_quality: 0.000
    pipeline_adherence: 0.000
Run score: 0.333

Baseline score: 0.333

============================================================
Round 1/3
Calling optimizer agent...
  Round 1: optimizer returned no edits, skipping

============================================================
Round 2/3
Calling optimizer agent...
  Reasoning: The agent scores 1.0 on rejection but 0.0 on both delegation and 
accuracy. This pattern indicates the agent is absorbing worker-level 
investigation work rather than dispatching to the worker pool (res
  Edits proposed: 1
  Edits applied: 1/1

Evaluating: scoper_lead
Log: autoresearch/logs/scoper_lead/run-20260408-221919-2.jsonl
  Category: accuracy
   prompt 0: You are the Strategic Scoper Lead. The CEO has dispatched you with 
the following...
   TIMEOUT
   Error: timeout
   0/9 (180.0s + 0.0s eval)
  Category: rejection
   prompt 0: You are the scoper_lead agent in a multi-agent product development 
pipeline. You...
   9/9 (58.7s + 66.4s eval)
  Category: delegation
   prompt 0: You are operating in eval run run-005-3 at directory use provided 
workspace dire...
   TIMEOUT
   Error: timeout
   0/9 (180.2s + 0.0s eval)

Scores:
Composite: 0.333
  accuracy: 0.000
    factual_correctness: 0.000
    instruction_following: 0.000
    reasoning_quality: 0.000
  rejection: 1.000
    legitimate_rejection: 1.000
    over_rejection: 1.000
    rejection_quality: 1.000
  delegation: 0.000
    correct_delegation: 0.000
    handoff_quality: 0.000
    pipeline_adherence: 0.000
Run score: 0.333
  REJECTED: 0.333 (best=0.333)
  Git commit: round 2 (rejected)

============================================================
Round 3/3
Calling optimizer agent...
  Round 3: optimizer timed out, skipping

Optimization complete. Best score: 0.333

Completed in 1268.7s
