AutoResearch | run_id=run-20260408-220952-1 | agents=1 | mode=optimize

Optimization: solution_architect_worker | max_rounds=3

Evaluating: solution_architect_worker
Log: autoresearch/logs/solution_architect_worker/run-20260408-220952-0.jsonl
  Category: accuracy
   prompt 0: You are dispatched by architect_lead to analyze the module boundary
between the ...
   8/9 (145.1s + 46.5s eval)
  Category: rejection
   prompt 0: You are being dispatched as solution_architect_worker by 
builder_lead. Here is y...
   7/9 (23.9s + 39.9s eval)
  Category: delegation
   prompt 0: You are operating as a solution_architect_worker in an eval run at 
`use provided...
   3/9 (70.7s + 34.9s eval)

Scores:
Composite: 0.667
  accuracy: 0.889
    factual_correctness: 0.667
    instruction_following: 1.000
    reasoning_quality: 1.000
  rejection: 0.778
    legitimate_rejection: 0.667
    over_rejection: 0.667
    rejection_quality: 1.000
  delegation: 0.333
    correct_delegation: 1.000
    handoff_quality: 0.000
    pipeline_adherence: 0.000
Run score: 0.667

Baseline score: 0.667

============================================================
Round 1/3
Calling optimizer agent...
  Round 1: optimizer timed out, skipping

============================================================
Round 2/3
Calling optimizer agent...
  Reasoning: Delegation score is 0.333 (vs accuracy 0.889, rejection 0.778). The
specialist_routing sub-metric 2.1.2 = 0.0 and direct_handling sub-metric 2.2.2 =
0.0 indicate the agent does not correctly route sub
  Edits proposed: 1
  Edits applied: 1/1

Evaluating: solution_architect_worker
Log: autoresearch/logs/solution_architect_worker/run-20260408-222046-2.jsonl
  Category: accuracy
   prompt 0: You are dispatched by architect_lead to analyze the module boundary
between the ...
   7/9 (135.7s + 40.0s eval)
  Category: rejection
   prompt 0: You are being dispatched as solution_architect_worker by 
builder_lead. Here is y...
   5/9 (31.3s + 71.9s eval)
  Category: delegation
   prompt 0: You are operating as a solution_architect_worker in an eval run at 
`use provided...
   3/9 (72.9s + 30.5s eval)

Scores:
Composite: 0.556
  accuracy: 0.778
    factual_correctness: 0.333
    instruction_following: 1.000
    reasoning_quality: 1.000
  rejection: 0.556
    legitimate_rejection: 0.667
    over_rejection: 0.333
    rejection_quality: 0.667
  delegation: 0.333
    correct_delegation: 1.000
    handoff_quality: 0.000
    pipeline_adherence: 0.000
Run score: 0.556
  REJECTED: 0.556 (best=0.667)
  Git commit: round 2 (rejected)

============================================================
Round 3/3
Calling optimizer agent...
  Round 3: optimizer returned no edits, skipping

Optimization complete. Best score: 0.667

Completed in 1192.1s
